<?xml version="1.0" encoding="UTF-8"?>
<coverage generated="1701473904554" clover="3.2.0">
  <project timestamp="1701473904554" name="All files">
    <metrics statements="109" coveredstatements="106" conditionals="30" coveredconditionals="28" methods="24" coveredmethods="22" elements="163" coveredelements="156" complexity="0" loc="109" ncloc="109" packages="2" files="2" classes="2"/>
    <package name="src">
      <metrics statements="15" coveredstatements="15" conditionals="1" coveredconditionals="1" methods="1" coveredmethods="1"/>
      <file name="App.jsx" path="/Users/tego/Desktop/calculator/testing-module-project-moelnemr2022/src/App.jsx">
        <metrics statements="15" coveredstatements="15" conditionals="1" coveredconditionals="1" methods="1" coveredmethods="1"/>
        <line num="1" count="1" type="stmt"/>
        <line num="2" count="1" type="stmt"/>
        <line num="3" count="1" type="stmt"/>
        <line num="4" count="1" type="stmt"/>
        <line num="5" count="1" type="cond" truecount="1" falsecount="0"/>
        <line num="6" count="2" type="stmt"/>
        <line num="7" count="2" type="stmt"/>
        <line num="8" count="2" type="stmt"/>
        <line num="9" count="2" type="stmt"/>
        <line num="10" count="2" type="stmt"/>
        <line num="11" count="2" type="stmt"/>
        <line num="12" count="2" type="stmt"/>
        <line num="13" count="2" type="stmt"/>
        <line num="14" count="1" type="stmt"/>
        <line num="15" count="1" type="stmt"/>
      </file>
    </package>
    <package name="src.components">
      <metrics statements="94" coveredstatements="91" conditionals="29" coveredconditionals="27" methods="23" coveredmethods="21"/>
      <file name="Calculator.jsx" path="/Users/tego/Desktop/calculator/testing-module-project-moelnemr2022/src/components/Calculator.jsx">
        <metrics statements="94" coveredstatements="91" conditionals="29" coveredconditionals="27" methods="23" coveredmethods="21"/>
        <line num="1" count="1" type="stmt"/>
        <line num="2" count="1" type="stmt"/>
        <line num="3" count="74" type="cond" truecount="1" falsecount="0"/>
        <line num="4" count="74" type="stmt"/>
        <line num="5" count="74" type="stmt"/>
        <line num="6" count="74" type="cond" truecount="1" falsecount="0"/>
        <line num="7" count="40" type="cond" truecount="1" falsecount="0"/>
        <line num="8" count="40" type="stmt"/>
        <line num="9" count="74" type="stmt"/>
        <line num="10" count="74" type="cond" truecount="1" falsecount="0"/>
        <line num="11" count="1" type="stmt"/>
        <line num="12" count="1" type="stmt"/>
        <line num="13" count="74" type="stmt"/>
        <line num="14" count="74" type="cond" truecount="1" falsecount="0"/>
        <line num="15" count="9" type="stmt"/>
        <line num="16" count="9" type="stmt"/>
        <line num="17" count="9" type="stmt"/>
        <line num="18" count="9" type="stmt"/>
        <line num="19" count="9" type="stmt"/>
        <line num="20" count="9" type="stmt"/>
        <line num="21" count="9" type="stmt"/>
        <line num="22" count="9" type="cond" truecount="1" falsecount="0"/>
        <line num="23" count="9" type="stmt"/>
        <line num="24" count="9" type="cond" truecount="1" falsecount="0"/>
        <line num="25" count="35" type="cond" truecount="2" falsecount="0"/>
        <line num="26" count="33" type="cond" truecount="1" falsecount="0"/>
        <line num="27" count="2" type="cond" truecount="0" falsecount="1"/>
        <line num="28" count="2" type="stmt"/>
        <line num="29" count="2" type="stmt"/>
        <line num="30" count="35" type="stmt"/>
        <line num="31" count="9" type="stmt"/>
        <line num="32" count="9" type="stmt"/>
        <line num="33" count="9" type="stmt"/>
        <line num="34" count="9" type="cond" truecount="0" falsecount="1"/>
        <line num="35" count="0" type="stmt"/>
        <line num="36" count="0" type="stmt"/>
        <line num="37" count="0" type="stmt"/>
        <line num="38" count="9" type="stmt"/>
        <line num="39" count="9" type="stmt"/>
        <line num="40" count="9" type="stmt"/>
        <line num="41" count="9" type="stmt"/>
        <line num="42" count="9" type="cond" truecount="1" falsecount="0"/>
        <line num="43" count="2" type="stmt"/>
        <line num="44" count="2" type="stmt"/>
        <line num="45" count="9" type="stmt"/>
        <line num="46" count="9" type="stmt"/>
        <line num="47" count="74" type="stmt"/>
        <line num="48" count="74" type="stmt"/>
        <line num="49" count="74" type="stmt"/>
        <line num="50" count="74" type="stmt"/>
        <line num="51" count="74" type="stmt"/>
        <line num="52" count="74" type="stmt"/>
        <line num="53" count="74" type="cond" truecount="1" falsecount="0"/>
        <line num="54" count="74" type="stmt"/>
        <line num="55" count="74" type="stmt"/>
        <line num="56" count="74" type="cond" truecount="1" falsecount="0"/>
        <line num="57" count="74" type="cond" truecount="1" falsecount="0"/>
        <line num="58" count="74" type="stmt"/>
        <line num="59" count="74" type="stmt"/>
        <line num="60" count="74" type="stmt"/>
        <line num="61" count="74" type="stmt"/>
        <line num="62" count="74" type="stmt"/>
        <line num="63" count="74" type="cond" truecount="1" falsecount="0"/>
        <line num="64" count="74" type="cond" truecount="1" falsecount="0"/>
        <line num="65" count="74" type="cond" truecount="1" falsecount="0"/>
        <line num="66" count="74" type="cond" truecount="1" falsecount="0"/>
        <line num="67" count="74" type="cond" truecount="1" falsecount="0"/>
        <line num="68" count="74" type="stmt"/>
        <line num="69" count="74" type="stmt"/>
        <line num="70" count="74" type="stmt"/>
        <line num="71" count="74" type="stmt"/>
        <line num="72" count="74" type="cond" truecount="1" falsecount="0"/>
        <line num="73" count="74" type="cond" truecount="1" falsecount="0"/>
        <line num="74" count="74" type="cond" truecount="1" falsecount="0"/>
        <line num="75" count="74" type="cond" truecount="1" falsecount="0"/>
        <line num="76" count="74" type="cond" truecount="1" falsecount="0"/>
        <line num="77" count="74" type="stmt"/>
        <line num="78" count="74" type="stmt"/>
        <line num="79" count="74" type="stmt"/>
        <line num="80" count="74" type="cond" truecount="1" falsecount="0"/>
        <line num="81" count="74" type="stmt"/>
        <line num="82" count="74" type="stmt"/>
        <line num="83" count="74" type="cond" truecount="1" falsecount="0"/>
        <line num="84" count="74" type="cond" truecount="1" falsecount="0"/>
        <line num="85" count="74" type="stmt"/>
        <line num="86" count="74" type="stmt"/>
        <line num="87" count="74" type="stmt"/>
        <line num="88" count="74" type="stmt"/>
        <line num="89" count="74" type="stmt"/>
        <line num="90" count="74" type="stmt"/>
        <line num="91" count="74" type="stmt"/>
        <line num="92" count="74" type="stmt"/>
        <line num="93" count="1" type="stmt"/>
        <line num="94" count="1" type="stmt"/>
      </file>
    </package>
  </project>
</coverage>
