{"/Users/tego/Desktop/calculator/testing-module-project-moelnemr2022/src/App.jsx": {"path":"/Users/tego/Desktop/calculator/testing-module-project-moelnemr2022/src/App.jsx","all":false,"statementMap":{"0":{"start":{"line":1,"column":0},"end":{"line":1,"column":49}},"1":{"start":{"line":2,"column":0},"end":{"line":2,"column":37}},"2":{"start":{"line":3,"column":0},"end":{"line":3,"column":0}},"3":{"start":{"line":4,"column":0},"end":{"line":4,"column":0}},"4":{"start":{"line":5,"column":0},"end":{"line":5,"column":19}},"5":{"start":{"line":6,"column":0},"end":{"line":6,"column":10}},"6":{"start":{"line":7,"column":0},"end":{"line":7,"column":25}},"7":{"start":{"line":8,"column":0},"end":{"line":8,"column":27}},"8":{"start":{"line":9,"column":0},"end":{"line":9,"column":20}},"9":{"start":{"line":10,"column":0},"end":{"line":10,"column":5}},"10":{"start":{"line":11,"column":0},"end":{"line":11,"column":10}},"11":{"start":{"line":12,"column":0},"end":{"line":12,"column":4}},"12":{"start":{"line":13,"column":0},"end":{"line":13,"column":2}},"13":{"start":{"line":14,"column":0},"end":{"line":14,"column":0}},"14":{"start":{"line":15,"column":0},"end":{"line":15,"column":19}}},"s":{"0":1,"1":1,"2":1,"3":1,"4":1,"5":2,"6":2,"7":2,"8":2,"9":2,"10":2,"11":2,"12":2,"13":1,"14":1},"branchMap":{"0":{"type":"branch","line":5,"loc":{"start":{"line":5,"column":12},"end":{"line":13,"column":2}},"locations":[{"start":{"line":5,"column":12},"end":{"line":13,"column":2}}]}},"b":{"0":[2]},"fnMap":{"0":{"name":"App","decl":{"start":{"line":5,"column":12},"end":{"line":13,"column":2}},"loc":{"start":{"line":5,"column":12},"end":{"line":13,"column":2}},"line":5}},"f":{"0":2}}
,"/Users/tego/Desktop/calculator/testing-module-project-moelnemr2022/src/components/Calculator.jsx": {"path":"/Users/tego/Desktop/calculator/testing-module-project-moelnemr2022/src/components/Calculator.jsx","all":false,"statementMap":{"0":{"start":{"line":1,"column":0},"end":{"line":1,"column":33}},"1":{"start":{"line":2,"column":0},"end":{"line":2,"column":0}},"2":{"start":{"line":3,"column":0},"end":{"line":3,"column":23}},"3":{"start":{"line":4,"column":0},"end":{"line":4,"column":41}},"4":{"start":{"line":5,"column":0},"end":{"line":5,"column":0}},"5":{"start":{"line":6,"column":0},"end":{"line":6,"column":34}},"6":{"start":{"line":7,"column":0},"end":{"line":7,"column":47}},"7":{"start":{"line":8,"column":0},"end":{"line":8,"column":4}},"8":{"start":{"line":9,"column":0},"end":{"line":9,"column":0}},"9":{"start":{"line":10,"column":0},"end":{"line":10,"column":29}},"10":{"start":{"line":11,"column":0},"end":{"line":11,"column":17}},"11":{"start":{"line":12,"column":0},"end":{"line":12,"column":4}},"12":{"start":{"line":13,"column":0},"end":{"line":13,"column":0}},"13":{"start":{"line":14,"column":0},"end":{"line":14,"column":33}},"14":{"start":{"line":15,"column":0},"end":{"line":15,"column":35}},"15":{"start":{"line":16,"column":0},"end":{"line":16,"column":2}},"16":{"start":{"line":17,"column":0},"end":{"line":17,"column":9}},"17":{"start":{"line":18,"column":0},"end":{"line":18,"column":56}},"18":{"start":{"line":19,"column":0},"end":{"line":19,"column":52}},"19":{"start":{"line":20,"column":0},"end":{"line":20,"column":6}},"20":{"start":{"line":21,"column":0},"end":{"line":21,"column":42}},"21":{"start":{"line":22,"column":0},"end":{"line":22,"column":44}},"22":{"start":{"line":23,"column":0},"end":{"line":23,"column":25}},"23":{"start":{"line":24,"column":0},"end":{"line":24,"column":31}},"24":{"start":{"line":25,"column":0},"end":{"line":25,"column":44}},"25":{"start":{"line":26,"column":0},"end":{"line":26,"column":34}},"26":{"start":{"line":27,"column":0},"end":{"line":27,"column":49}},"27":{"start":{"line":28,"column":0},"end":{"line":28,"column":24}},"28":{"start":{"line":29,"column":0},"end":{"line":29,"column":11}},"29":{"start":{"line":30,"column":0},"end":{"line":30,"column":9}},"30":{"start":{"line":31,"column":0},"end":{"line":31,"column":34}},"31":{"start":{"line":32,"column":0},"end":{"line":32,"column":8}},"32":{"start":{"line":33,"column":0},"end":{"line":33,"column":0}},"33":{"start":{"line":34,"column":0},"end":{"line":34,"column":45}},"34":{"start":{"line":35,"column":0},"end":{"line":35,"column":26}},"35":{"start":{"line":36,"column":0},"end":{"line":36,"column":15}},"36":{"start":{"line":37,"column":0},"end":{"line":37,"column":7}},"37":{"start":{"line":38,"column":0},"end":{"line":38,"column":0}},"38":{"start":{"line":39,"column":0},"end":{"line":39,"column":60}},"39":{"start":{"line":40,"column":0},"end":{"line":40,"column":38}},"40":{"start":{"line":41,"column":0},"end":{"line":41,"column":34}},"41":{"start":{"line":42,"column":0},"end":{"line":42,"column":21}},"42":{"start":{"line":43,"column":0},"end":{"line":43,"column":24}},"43":{"start":{"line":44,"column":0},"end":{"line":44,"column":5}},"44":{"start":{"line":45,"column":0},"end":{"line":45,"column":0}},"45":{"start":{"line":46,"column":0},"end":{"line":46,"column":4}},"46":{"start":{"line":47,"column":0},"end":{"line":47,"column":0}},"47":{"start":{"line":48,"column":0},"end":{"line":48,"column":10}},"48":{"start":{"line":49,"column":0},"end":{"line":49,"column":32}},"49":{"start":{"line":50,"column":0},"end":{"line":50,"column":50}},"50":{"start":{"line":51,"column":0},"end":{"line":51,"column":31}},"51":{"start":{"line":52,"column":0},"end":{"line":52,"column":29}},"52":{"start":{"line":53,"column":0},"end":{"line":53,"column":97}},"53":{"start":{"line":54,"column":0},"end":{"line":54,"column":97}},"54":{"start":{"line":55,"column":0},"end":{"line":55,"column":97}},"55":{"start":{"line":56,"column":0},"end":{"line":56,"column":104}},"56":{"start":{"line":57,"column":0},"end":{"line":57,"column":102}},"57":{"start":{"line":58,"column":0},"end":{"line":58,"column":0}},"58":{"start":{"line":59,"column":0},"end":{"line":59,"column":0}},"59":{"start":{"line":60,"column":0},"end":{"line":60,"column":14}},"60":{"start":{"line":61,"column":0},"end":{"line":61,"column":29}},"61":{"start":{"line":62,"column":0},"end":{"line":62,"column":0}},"62":{"start":{"line":63,"column":0},"end":{"line":63,"column":97}},"63":{"start":{"line":64,"column":0},"end":{"line":64,"column":97}},"64":{"start":{"line":65,"column":0},"end":{"line":65,"column":97}},"65":{"start":{"line":66,"column":0},"end":{"line":66,"column":103}},"66":{"start":{"line":67,"column":0},"end":{"line":67,"column":114}},"67":{"start":{"line":68,"column":0},"end":{"line":68,"column":0}},"68":{"start":{"line":69,"column":0},"end":{"line":69,"column":14}},"69":{"start":{"line":70,"column":0},"end":{"line":70,"column":29}},"70":{"start":{"line":71,"column":0},"end":{"line":71,"column":0}},"71":{"start":{"line":72,"column":0},"end":{"line":72,"column":97}},"72":{"start":{"line":73,"column":0},"end":{"line":73,"column":97}},"73":{"start":{"line":74,"column":0},"end":{"line":74,"column":97}},"74":{"start":{"line":75,"column":0},"end":{"line":75,"column":106}},"75":{"start":{"line":76,"column":0},"end":{"line":76,"column":115}},"76":{"start":{"line":77,"column":0},"end":{"line":77,"column":0}},"77":{"start":{"line":78,"column":0},"end":{"line":78,"column":14}},"78":{"start":{"line":79,"column":0},"end":{"line":79,"column":29}},"79":{"start":{"line":80,"column":0},"end":{"line":80,"column":97}},"80":{"start":{"line":81,"column":0},"end":{"line":81,"column":83}},"81":{"start":{"line":82,"column":0},"end":{"line":82,"column":87}},"82":{"start":{"line":83,"column":0},"end":{"line":83,"column":101}},"83":{"start":{"line":84,"column":0},"end":{"line":84,"column":108}},"84":{"start":{"line":85,"column":0},"end":{"line":85,"column":0}},"85":{"start":{"line":86,"column":0},"end":{"line":86,"column":0}},"86":{"start":{"line":87,"column":0},"end":{"line":87,"column":0}},"87":{"start":{"line":88,"column":0},"end":{"line":88,"column":14}},"88":{"start":{"line":89,"column":0},"end":{"line":89,"column":12}},"89":{"start":{"line":90,"column":0},"end":{"line":90,"column":10}},"90":{"start":{"line":91,"column":0},"end":{"line":91,"column":4}},"91":{"start":{"line":92,"column":0},"end":{"line":92,"column":1}},"92":{"start":{"line":93,"column":0},"end":{"line":93,"column":0}},"93":{"start":{"line":94,"column":0},"end":{"line":94,"column":25}}},"s":{"0":1,"1":1,"2":74,"3":74,"4":74,"5":74,"6":40,"7":40,"8":74,"9":74,"10":1,"11":1,"12":74,"13":74,"14":9,"15":9,"16":9,"17":9,"18":9,"19":9,"20":9,"21":9,"22":9,"23":9,"24":35,"25":33,"26":2,"27":2,"28":2,"29":35,"30":9,"31":9,"32":9,"33":9,"34":0,"35":0,"36":0,"37":9,"38":9,"39":9,"40":9,"41":9,"42":2,"43":2,"44":9,"45":9,"46":74,"47":74,"48":74,"49":74,"50":74,"51":74,"52":74,"53":74,"54":74,"55":74,"56":74,"57":74,"58":74,"59":74,"60":74,"61":74,"62":74,"63":74,"64":74,"65":74,"66":74,"67":74,"68":74,"69":74,"70":74,"71":74,"72":74,"73":74,"74":74,"75":74,"76":74,"77":74,"78":74,"79":74,"80":74,"81":74,"82":74,"83":74,"84":74,"85":74,"86":74,"87":74,"88":74,"89":74,"90":74,"91":74,"92":1,"93":1},"branchMap":{"0":{"type":"branch","line":3,"loc":{"start":{"line":3,"column":0},"end":{"line":92,"column":1}},"locations":[{"start":{"line":3,"column":0},"end":{"line":92,"column":1}}]},"1":{"type":"branch","line":6,"loc":{"start":{"line":6,"column":22},"end":{"line":8,"column":4}},"locations":[{"start":{"line":6,"column":22},"end":{"line":8,"column":4}}]},"2":{"type":"branch","line":7,"loc":{"start":{"line":7,"column":13},"end":{"line":7,"column":45}},"locations":[{"start":{"line":7,"column":13},"end":{"line":7,"column":45}}]},"3":{"type":"branch","line":10,"loc":{"start":{"line":10,"column":22},"end":{"line":12,"column":4}},"locations":[{"start":{"line":10,"column":22},"end":{"line":12,"column":4}}]},"4":{"type":"branch","line":14,"loc":{"start":{"line":14,"column":26},"end":{"line":46,"column":4}},"locations":[{"start":{"line":14,"column":26},"end":{"line":46,"column":4}}]},"5":{"type":"branch","line":34,"loc":{"start":{"line":34,"column":44},"end":{"line":37,"column":7}},"locations":[{"start":{"line":34,"column":44},"end":{"line":37,"column":7}}]},"6":{"type":"branch","line":42,"loc":{"start":{"line":42,"column":4},"end":{"line":44,"column":5}},"locations":[{"start":{"line":42,"column":4},"end":{"line":44,"column":5}}]},"7":{"type":"branch","line":22,"loc":{"start":{"line":22,"column":34},"end":{"line":32,"column":8}},"locations":[{"start":{"line":22,"column":34},"end":{"line":32,"column":8}}]},"8":{"type":"branch","line":24,"loc":{"start":{"line":24,"column":30},"end":{"line":30,"column":9}},"locations":[{"start":{"line":24,"column":30},"end":{"line":30,"column":9}}]},"9":{"type":"branch","line":25,"loc":{"start":{"line":25,"column":28},"end":{"line":25,"column":44}},"locations":[{"start":{"line":25,"column":28},"end":{"line":25,"column":44}}]},"10":{"type":"branch","line":25,"loc":{"start":{"line":25,"column":42},"end":{"line":29,"column":11}},"locations":[{"start":{"line":25,"column":42},"end":{"line":29,"column":11}}]},"11":{"type":"branch","line":26,"loc":{"start":{"line":26,"column":33},"end":{"line":29,"column":11}},"locations":[{"start":{"line":26,"column":33},"end":{"line":29,"column":11}}]},"12":{"type":"branch","line":27,"loc":{"start":{"line":27,"column":36},"end":{"line":27,"column":49}},"locations":[{"start":{"line":27,"column":36},"end":{"line":27,"column":49}}]},"13":{"type":"branch","line":53,"loc":{"start":{"line":53,"column":27},"end":{"line":53,"column":51}},"locations":[{"start":{"line":53,"column":27},"end":{"line":53,"column":51}}]},"14":{"type":"branch","line":56,"loc":{"start":{"line":56,"column":27},"end":{"line":56,"column":51}},"locations":[{"start":{"line":56,"column":27},"end":{"line":56,"column":51}}]},"15":{"type":"branch","line":57,"loc":{"start":{"line":57,"column":27},"end":{"line":57,"column":51}},"locations":[{"start":{"line":57,"column":27},"end":{"line":57,"column":51}}]},"16":{"type":"branch","line":63,"loc":{"start":{"line":63,"column":27},"end":{"line":63,"column":51}},"locations":[{"start":{"line":63,"column":27},"end":{"line":63,"column":51}}]},"17":{"type":"branch","line":64,"loc":{"start":{"line":64,"column":27},"end":{"line":64,"column":51}},"locations":[{"start":{"line":64,"column":27},"end":{"line":64,"column":51}}]},"18":{"type":"branch","line":65,"loc":{"start":{"line":65,"column":27},"end":{"line":65,"column":51}},"locations":[{"start":{"line":65,"column":27},"end":{"line":65,"column":51}}]},"19":{"type":"branch","line":66,"loc":{"start":{"line":66,"column":27},"end":{"line":66,"column":51}},"locations":[{"start":{"line":66,"column":27},"end":{"line":66,"column":51}}]},"20":{"type":"branch","line":67,"loc":{"start":{"line":67,"column":27},"end":{"line":67,"column":51}},"locations":[{"start":{"line":67,"column":27},"end":{"line":67,"column":51}}]},"21":{"type":"branch","line":72,"loc":{"start":{"line":72,"column":27},"end":{"line":72,"column":51}},"locations":[{"start":{"line":72,"column":27},"end":{"line":72,"column":51}}]},"22":{"type":"branch","line":73,"loc":{"start":{"line":73,"column":27},"end":{"line":73,"column":51}},"locations":[{"start":{"line":73,"column":27},"end":{"line":73,"column":51}}]},"23":{"type":"branch","line":74,"loc":{"start":{"line":74,"column":27},"end":{"line":74,"column":51}},"locations":[{"start":{"line":74,"column":27},"end":{"line":74,"column":51}}]},"24":{"type":"branch","line":75,"loc":{"start":{"line":75,"column":27},"end":{"line":75,"column":51}},"locations":[{"start":{"line":75,"column":27},"end":{"line":75,"column":51}}]},"25":{"type":"branch","line":76,"loc":{"start":{"line":76,"column":27},"end":{"line":76,"column":51}},"locations":[{"start":{"line":76,"column":27},"end":{"line":76,"column":51}}]},"26":{"type":"branch","line":80,"loc":{"start":{"line":80,"column":27},"end":{"line":80,"column":51}},"locations":[{"start":{"line":80,"column":27},"end":{"line":80,"column":51}}]},"27":{"type":"branch","line":83,"loc":{"start":{"line":83,"column":27},"end":{"line":83,"column":51}},"locations":[{"start":{"line":83,"column":27},"end":{"line":83,"column":51}}]},"28":{"type":"branch","line":84,"loc":{"start":{"line":84,"column":27},"end":{"line":84,"column":51}},"locations":[{"start":{"line":84,"column":27},"end":{"line":84,"column":51}}]}},"b":{"0":[74],"1":[40],"2":[40],"3":[1],"4":[9],"5":[0],"6":[2],"7":[9],"8":[35],"9":[2],"10":[33],"11":[2],"12":[0],"13":[2],"14":[2],"15":[3],"16":[8],"17":[1],"18":[5],"19":[1],"20":[2],"21":[3],"22":[1],"23":[1],"24":[5],"25":[2],"26":[2],"27":[1],"28":[1]},"fnMap":{"0":{"name":"Calculator","decl":{"start":{"line":3,"column":0},"end":{"line":92,"column":1}},"loc":{"start":{"line":3,"column":0},"end":{"line":92,"column":1}},"line":3},"1":{"name":"handleClick","decl":{"start":{"line":6,"column":22},"end":{"line":8,"column":4}},"loc":{"start":{"line":6,"column":22},"end":{"line":8,"column":4}},"line":6},"2":{"name":"handleClear","decl":{"start":{"line":10,"column":22},"end":{"line":12,"column":4}},"loc":{"start":{"line":10,"column":22},"end":{"line":12,"column":4}},"line":10},"3":{"name":"handleCalculate","decl":{"start":{"line":14,"column":26},"end":{"line":46,"column":4}},"loc":{"start":{"line":14,"column":26},"end":{"line":46,"column":4}},"line":14},"4":{"name":"parenthesesBalanced","decl":{"start":{"line":22,"column":34},"end":{"line":32,"column":8}},"loc":{"start":{"line":22,"column":34},"end":{"line":32,"column":8}},"line":22},"5":{"name":"onClick","decl":{"start":{"line":53,"column":27},"end":{"line":53,"column":51}},"loc":{"start":{"line":53,"column":27},"end":{"line":53,"column":51}},"line":53},"6":{"name":"onClick","decl":{"start":{"line":54,"column":27},"end":{"line":54,"column":51}},"loc":{"start":{"line":54,"column":27},"end":{"line":54,"column":51}},"line":54},"7":{"name":"onClick","decl":{"start":{"line":55,"column":27},"end":{"line":55,"column":51}},"loc":{"start":{"line":55,"column":27},"end":{"line":55,"column":51}},"line":55},"8":{"name":"onClick","decl":{"start":{"line":56,"column":27},"end":{"line":56,"column":51}},"loc":{"start":{"line":56,"column":27},"end":{"line":56,"column":51}},"line":56},"9":{"name":"onClick","decl":{"start":{"line":57,"column":27},"end":{"line":57,"column":51}},"loc":{"start":{"line":57,"column":27},"end":{"line":57,"column":51}},"line":57},"10":{"name":"onClick","decl":{"start":{"line":63,"column":27},"end":{"line":63,"column":51}},"loc":{"start":{"line":63,"column":27},"end":{"line":63,"column":51}},"line":63},"11":{"name":"onClick","decl":{"start":{"line":64,"column":27},"end":{"line":64,"column":51}},"loc":{"start":{"line":64,"column":27},"end":{"line":64,"column":51}},"line":64},"12":{"name":"onClick","decl":{"start":{"line":65,"column":27},"end":{"line":65,"column":51}},"loc":{"start":{"line":65,"column":27},"end":{"line":65,"column":51}},"line":65},"13":{"name":"onClick","decl":{"start":{"line":66,"column":27},"end":{"line":66,"column":51}},"loc":{"start":{"line":66,"column":27},"end":{"line":66,"column":51}},"line":66},"14":{"name":"onClick","decl":{"start":{"line":67,"column":27},"end":{"line":67,"column":51}},"loc":{"start":{"line":67,"column":27},"end":{"line":67,"column":51}},"line":67},"15":{"name":"onClick","decl":{"start":{"line":72,"column":27},"end":{"line":72,"column":51}},"loc":{"start":{"line":72,"column":27},"end":{"line":72,"column":51}},"line":72},"16":{"name":"onClick","decl":{"start":{"line":73,"column":27},"end":{"line":73,"column":51}},"loc":{"start":{"line":73,"column":27},"end":{"line":73,"column":51}},"line":73},"17":{"name":"onClick","decl":{"start":{"line":74,"column":27},"end":{"line":74,"column":51}},"loc":{"start":{"line":74,"column":27},"end":{"line":74,"column":51}},"line":74},"18":{"name":"onClick","decl":{"start":{"line":75,"column":27},"end":{"line":75,"column":51}},"loc":{"start":{"line":75,"column":27},"end":{"line":75,"column":51}},"line":75},"19":{"name":"onClick","decl":{"start":{"line":76,"column":27},"end":{"line":76,"column":51}},"loc":{"start":{"line":76,"column":27},"end":{"line":76,"column":51}},"line":76},"20":{"name":"onClick","decl":{"start":{"line":80,"column":27},"end":{"line":80,"column":51}},"loc":{"start":{"line":80,"column":27},"end":{"line":80,"column":51}},"line":80},"21":{"name":"onClick","decl":{"start":{"line":83,"column":27},"end":{"line":83,"column":51}},"loc":{"start":{"line":83,"column":27},"end":{"line":83,"column":51}},"line":83},"22":{"name":"onClick","decl":{"start":{"line":84,"column":27},"end":{"line":84,"column":51}},"loc":{"start":{"line":84,"column":27},"end":{"line":84,"column":51}},"line":84}},"f":{"0":74,"1":40,"2":1,"3":9,"4":9,"5":2,"6":0,"7":0,"8":2,"9":3,"10":8,"11":1,"12":5,"13":1,"14":2,"15":3,"16":1,"17":1,"18":5,"19":2,"20":2,"21":1,"22":1}}
}
